{"E:\\node\\repo-flex\\github-action-demo\\src\\constants.js": {"path":"E:\\node\\repo-flex\\github-action-demo\\src\\constants.js","statementMap":{"0":{"start":{"line":3,"column":0},"end":{"line":5,"column":3}},"1":{"start":{"line":6,"column":0},"end":{"line":6,"column":148}},"2":{"start":{"line":8,"column":13},"end":{"line":8,"column":31}},"3":{"start":{"line":13,"column":12},"end":{"line":15,"column":1}},"4":{"start":{"line":18,"column":0},"end":{"line":18,"column":18}},"5":{"start":{"line":19,"column":15},"end":{"line":23,"column":1}},"6":{"start":{"line":26,"column":0},"end":{"line":26,"column":24}},"7":{"start":{"line":27,"column":12},"end":{"line":30,"column":1}},"8":{"start":{"line":33,"column":0},"end":{"line":33,"column":18}},"9":{"start":{"line":35,"column":30},"end":{"line":37,"column":1}},"10":{"start":{"line":36,"column":2},"end":{"line":36,"column":80}},"11":{"start":{"line":41,"column":0},"end":{"line":41,"column":54}},"12":{"start":{"line":42,"column":17},"end":{"line":45,"column":1}},"13":{"start":{"line":43,"column":17},"end":{"line":43,"column":49}},"14":{"start":{"line":44,"column":15},"end":{"line":44,"column":56}},"15":{"start":{"line":46,"column":0},"end":{"line":46,"column":28}},"16":{"start":{"line":47,"column":21},"end":{"line":50,"column":1}},"17":{"start":{"line":48,"column":23},"end":{"line":48,"column":43}},"18":{"start":{"line":49,"column":21},"end":{"line":49,"column":47}},"19":{"start":{"line":51,"column":0},"end":{"line":51,"column":36}},"20":{"start":{"line":52,"column":20},"end":{"line":59,"column":1}},"21":{"start":{"line":53,"column":17},"end":{"line":53,"column":87}},"22":{"start":{"line":54,"column":14},"end":{"line":54,"column":81}},"23":{"start":{"line":60,"column":0},"end":{"line":60,"column":34}}},"fnMap":{"0":{"name":"(anonymous_0)","decl":{"start":{"line":35,"column":30},"end":{"line":35,"column":31}},"loc":{"start":{"line":35,"column":47},"end":{"line":37,"column":1}},"line":35},"1":{"name":"(anonymous_1)","decl":{"start":{"line":43,"column":10},"end":{"line":43,"column":11}},"loc":{"start":{"line":43,"column":17},"end":{"line":43,"column":49}},"line":43},"2":{"name":"(anonymous_2)","decl":{"start":{"line":44,"column":8},"end":{"line":44,"column":9}},"loc":{"start":{"line":44,"column":15},"end":{"line":44,"column":56}},"line":44},"3":{"name":"(anonymous_3)","decl":{"start":{"line":48,"column":16},"end":{"line":48,"column":17}},"loc":{"start":{"line":48,"column":23},"end":{"line":48,"column":43}},"line":48},"4":{"name":"(anonymous_4)","decl":{"start":{"line":49,"column":14},"end":{"line":49,"column":15}},"loc":{"start":{"line":49,"column":21},"end":{"line":49,"column":47}},"line":49},"5":{"name":"(anonymous_5)","decl":{"start":{"line":53,"column":11},"end":{"line":53,"column":12}},"loc":{"start":{"line":53,"column":17},"end":{"line":53,"column":87}},"line":53},"6":{"name":"(anonymous_6)","decl":{"start":{"line":54,"column":8},"end":{"line":54,"column":9}},"loc":{"start":{"line":54,"column":14},"end":{"line":54,"column":81}},"line":54}},"branchMap":{},"s":{"0":2,"1":2,"2":2,"3":2,"4":2,"5":2,"6":2,"7":2,"8":2,"9":2,"10":0,"11":2,"12":2,"13":9,"14":3,"15":2,"16":2,"17":6,"18":3,"19":2,"20":2,"21":4,"22":18,"23":2},"f":{"0":0,"1":9,"2":3,"3":6,"4":3,"5":4,"6":18},"b":{},"inputSourceMap":null,"_coverageSchema":"1a1c01bbd47fc00a2c39e90264f33305004495a9","hash":"10fd5a3049c4d69e9db2565db8336ea6a7cd6fca"}
,"E:\\node\\repo-flex\\github-action-demo\\src\\error.js": {"path":"E:\\node\\repo-flex\\github-action-demo\\src\\error.js","statementMap":{"0":{"start":{"line":3,"column":0},"end":{"line":5,"column":3}},"1":{"start":{"line":6,"column":0},"end":{"line":6,"column":47}},"2":{"start":{"line":7,"column":15},"end":{"line":15,"column":1}},"3":{"start":{"line":8,"column":30},"end":{"line":8,"column":86}},"4":{"start":{"line":9,"column":40},"end":{"line":9,"column":139}},"5":{"start":{"line":10,"column":30},"end":{"line":10,"column":84}},"6":{"start":{"line":11,"column":40},"end":{"line":11,"column":132}},"7":{"start":{"line":12,"column":32},"end":{"line":12,"column":83}},"8":{"start":{"line":13,"column":50},"end":{"line":13,"column":131}},"9":{"start":{"line":14,"column":38},"end":{"line":14,"column":91}},"10":{"start":{"line":17,"column":19},"end":{"line":19,"column":1}},"11":{"start":{"line":18,"column":2},"end":{"line":18,"column":28}},"12":{"start":{"line":21,"column":0},"end":{"line":21,"column":32}},"13":{"start":{"line":23,"column":17},"end":{"line":26,"column":1}},"14":{"start":{"line":24,"column":18},"end":{"line":24,"column":29}},"15":{"start":{"line":25,"column":2},"end":{"line":25,"column":37}},"16":{"start":{"line":28,"column":0},"end":{"line":28,"column":28}}},"fnMap":{"0":{"name":"(anonymous_0)","decl":{"start":{"line":8,"column":24},"end":{"line":8,"column":25}},"loc":{"start":{"line":8,"column":30},"end":{"line":8,"column":86}},"line":8},"1":{"name":"(anonymous_1)","decl":{"start":{"line":9,"column":18},"end":{"line":9,"column":19}},"loc":{"start":{"line":9,"column":40},"end":{"line":9,"column":139}},"line":9},"2":{"name":"(anonymous_2)","decl":{"start":{"line":10,"column":24},"end":{"line":10,"column":25}},"loc":{"start":{"line":10,"column":30},"end":{"line":10,"column":84}},"line":10},"3":{"name":"(anonymous_3)","decl":{"start":{"line":11,"column":18},"end":{"line":11,"column":19}},"loc":{"start":{"line":11,"column":40},"end":{"line":11,"column":132}},"line":11},"4":{"name":"(anonymous_4)","decl":{"start":{"line":12,"column":26},"end":{"line":12,"column":27}},"loc":{"start":{"line":12,"column":32},"end":{"line":12,"column":83}},"line":12},"5":{"name":"(anonymous_5)","decl":{"start":{"line":13,"column":24},"end":{"line":13,"column":25}},"loc":{"start":{"line":13,"column":50},"end":{"line":13,"column":131}},"line":13},"6":{"name":"(anonymous_6)","decl":{"start":{"line":14,"column":28},"end":{"line":14,"column":29}},"loc":{"start":{"line":14,"column":38},"end":{"line":14,"column":91}},"line":14},"7":{"name":"(anonymous_7)","decl":{"start":{"line":17,"column":19},"end":{"line":17,"column":20}},"loc":{"start":{"line":17,"column":34},"end":{"line":19,"column":1}},"line":17},"8":{"name":"(anonymous_8)","decl":{"start":{"line":23,"column":17},"end":{"line":23,"column":18}},"loc":{"start":{"line":23,"column":37},"end":{"line":26,"column":1}},"line":23}},"branchMap":{"0":{"loc":{"start":{"line":23,"column":23},"end":{"line":23,"column":32}},"type":"default-arg","locations":[{"start":{"line":23,"column":30},"end":{"line":23,"column":32}}],"line":23}},"s":{"0":2,"1":2,"2":2,"3":2,"4":2,"5":2,"6":2,"7":2,"8":2,"9":4,"10":2,"11":8,"12":2,"13":2,"14":16,"15":16,"16":2},"f":{"0":2,"1":2,"2":2,"3":2,"4":2,"5":2,"6":4,"7":8,"8":16},"b":{"0":[6]},"inputSourceMap":null,"_coverageSchema":"1a1c01bbd47fc00a2c39e90264f33305004495a9","hash":"7c74e0f0a4e4aa86901cbd82eda1f0eb815c09a5"}
,"E:\\node\\repo-flex\\github-action-demo\\src\\globalException.js": {"path":"E:\\node\\repo-flex\\github-action-demo\\src\\globalException.js","statementMap":{"0":{"start":{"line":3,"column":0},"end":{"line":5,"column":3}},"1":{"start":{"line":6,"column":0},"end":{"line":6,"column":39}},"2":{"start":{"line":8,"column":30},"end":{"line":12,"column":1}},"3":{"start":{"line":9,"column":2},"end":{"line":9,"column":36}},"4":{"start":{"line":10,"column":2},"end":{"line":10,"column":21}},"5":{"start":{"line":11,"column":2},"end":{"line":11,"column":18}},"6":{"start":{"line":14,"column":0},"end":{"line":14,"column":54}},"7":{"start":{"line":15,"column":0},"end":{"line":15,"column":55}},"8":{"start":{"line":16,"column":0},"end":{"line":16,"column":56}}},"fnMap":{"0":{"name":"(anonymous_0)","decl":{"start":{"line":8,"column":30},"end":{"line":8,"column":31}},"loc":{"start":{"line":8,"column":36},"end":{"line":12,"column":1}},"line":8}},"branchMap":{},"s":{"0":0,"1":0,"2":0,"3":0,"4":0,"5":0,"6":0,"7":0,"8":0},"f":{"0":0},"b":{},"inputSourceMap":null}
,"E:\\node\\repo-flex\\github-action-demo\\src\\release.js": {"path":"E:\\node\\repo-flex\\github-action-demo\\src\\release.js","statementMap":{"0":{"start":{"line":3,"column":0},"end":{"line":5,"column":3}},"1":{"start":{"line":6,"column":0},"end":{"line":6,"column":25}},"2":{"start":{"line":8,"column":31},"end":{"line":8,"column":74}},"3":{"start":{"line":10,"column":23},"end":{"line":10,"column":51}},"4":{"start":{"line":12,"column":12},"end":{"line":12,"column":41}},"5":{"start":{"line":14,"column":13},"end":{"line":14,"column":38}},"6":{"start":{"line":16,"column":13},"end":{"line":16,"column":39}},"7":{"start":{"line":18,"column":16},"end":{"line":18,"column":38}},"8":{"start":{"line":20,"column":17},"end":{"line":20,"column":39}},"9":{"start":{"line":22,"column":16},"end":{"line":41,"column":1}},"10":{"start":{"line":23,"column":22},"end":{"line":23,"column":51}},"11":{"start":{"line":25,"column":2},"end":{"line":25,"column":50}},"12":{"start":{"line":28,"column":2},"end":{"line":28,"column":58}},"13":{"start":{"line":31,"column":45},"end":{"line":31,"column":84}},"14":{"start":{"line":34,"column":2},"end":{"line":34,"column":26}},"15":{"start":{"line":37,"column":2},"end":{"line":37,"column":38}},"16":{"start":{"line":40,"column":2},"end":{"line":40,"column":43}},"17":{"start":{"line":43,"column":0},"end":{"line":43,"column":26}}},"fnMap":{"0":{"name":"(anonymous_0)","decl":{"start":{"line":22,"column":16},"end":{"line":22,"column":17}},"loc":{"start":{"line":22,"column":28},"end":{"line":41,"column":1}},"line":22}},"branchMap":{},"s":{"0":2,"1":2,"2":2,"3":2,"4":2,"5":2,"6":2,"7":2,"8":2,"9":2,"10":14,"11":14,"12":14,"13":6,"14":6,"15":6,"16":6,"17":2},"f":{"0":14},"b":{},"inputSourceMap":null,"_coverageSchema":"1a1c01bbd47fc00a2c39e90264f33305004495a9","hash":"ab36a5e8ecb2ab428bbb27950f7d025b253906d7"}
,"E:\\node\\repo-flex\\github-action-demo\\src\\resolveTagNames.js": {"path":"E:\\node\\repo-flex\\github-action-demo\\src\\resolveTagNames.js","statementMap":{"0":{"start":{"line":3,"column":0},"end":{"line":5,"column":3}},"1":{"start":{"line":6,"column":0},"end":{"line":6,"column":33}},"2":{"start":{"line":8,"column":17},"end":{"line":8,"column":39}},"3":{"start":{"line":10,"column":13},"end":{"line":10,"column":31}},"4":{"start":{"line":12,"column":16},"end":{"line":12,"column":38}},"5":{"start":{"line":14,"column":24},"end":{"line":31,"column":1}},"6":{"start":{"line":15,"column":21},"end":{"line":15,"column":64}},"7":{"start":{"line":17,"column":2},"end":{"line":30,"column":3}},"8":{"start":{"line":18,"column":28},"end":{"line":18,"column":83}},"9":{"start":{"line":19,"column":26},"end":{"line":19,"column":79}},"10":{"start":{"line":20,"column":4},"end":{"line":20,"column":132}},"11":{"start":{"line":20,"column":80},"end":{"line":20,"column":132}},"12":{"start":{"line":21,"column":4},"end":{"line":21,"column":35}},"13":{"start":{"line":22,"column":9},"end":{"line":30,"column":3}},"14":{"start":{"line":23,"column":4},"end":{"line":23,"column":33}},"15":{"start":{"line":24,"column":9},"end":{"line":30,"column":3}},"16":{"start":{"line":25,"column":20},"end":{"line":25,"column":66}},"17":{"start":{"line":27,"column":4},"end":{"line":27,"column":51}},"18":{"start":{"line":29,"column":4},"end":{"line":29,"column":55}},"19":{"start":{"line":33,"column":0},"end":{"line":33,"column":42}}},"fnMap":{"0":{"name":"(anonymous_0)","decl":{"start":{"line":14,"column":24},"end":{"line":14,"column":25}},"loc":{"start":{"line":14,"column":30},"end":{"line":31,"column":1}},"line":14}},"branchMap":{"0":{"loc":{"start":{"line":17,"column":2},"end":{"line":30,"column":3}},"type":"if","locations":[{"start":{"line":17,"column":2},"end":{"line":30,"column":3}},{"start":{"line":17,"column":2},"end":{"line":30,"column":3}}],"line":17},"1":{"loc":{"start":{"line":20,"column":4},"end":{"line":20,"column":132}},"type":"if","locations":[{"start":{"line":20,"column":4},"end":{"line":20,"column":132}},{"start":{"line":20,"column":4},"end":{"line":20,"column":132}}],"line":20},"2":{"loc":{"start":{"line":20,"column":8},"end":{"line":20,"column":78}},"type":"binary-expr","locations":[{"start":{"line":20,"column":8},"end":{"line":20,"column":41}},{"start":{"line":20,"column":45},"end":{"line":20,"column":60}},{"start":{"line":20,"column":64},"end":{"line":20,"column":78}}],"line":20},"3":{"loc":{"start":{"line":22,"column":9},"end":{"line":30,"column":3}},"type":"if","locations":[{"start":{"line":22,"column":9},"end":{"line":30,"column":3}},{"start":{"line":22,"column":9},"end":{"line":30,"column":3}}],"line":22},"4":{"loc":{"start":{"line":24,"column":9},"end":{"line":30,"column":3}},"type":"if","locations":[{"start":{"line":24,"column":9},"end":{"line":30,"column":3}},{"start":{"line":24,"column":9},"end":{"line":30,"column":3}}],"line":24}},"s":{"0":2,"1":2,"2":2,"3":2,"4":2,"5":2,"6":6,"7":6,"8":4,"9":4,"10":4,"11":4,"12":0,"13":2,"14":1,"15":1,"16":1,"17":1,"18":0,"19":2},"f":{"0":6},"b":{"0":[4,2],"1":[4,0],"2":[4,1,1],"3":[1,1],"4":[1,0]},"inputSourceMap":null,"_coverageSchema":"1a1c01bbd47fc00a2c39e90264f33305004495a9","hash":"383075991e16bd551dfccea5e413d4f44a9b743b"}
,"E:\\node\\repo-flex\\github-action-demo\\src\\runner.js": {"path":"E:\\node\\repo-flex\\github-action-demo\\src\\runner.js","statementMap":{"0":{"start":{"line":3,"column":15},"end":{"line":3,"column":35}},"1":{"start":{"line":5,"column":23},"end":{"line":5,"column":51}},"2":{"start":{"line":7,"column":0},"end":{"line":14,"column":5}},"3":{"start":{"line":8,"column":2},"end":{"line":13,"column":3}},"4":{"start":{"line":9,"column":4},"end":{"line":9,"column":34}},"5":{"start":{"line":12,"column":4},"end":{"line":12,"column":52}}},"fnMap":{"0":{"name":"(anonymous_0)","decl":{"start":{"line":7,"column":1},"end":{"line":7,"column":2}},"loc":{"start":{"line":7,"column":13},"end":{"line":14,"column":1}},"line":7}},"branchMap":{},"s":{"0":0,"1":0,"2":0,"3":0,"4":0,"5":0},"f":{"0":0},"b":{},"inputSourceMap":null}
,"E:\\node\\repo-flex\\github-action-demo\\src\\step.dist-tag.js": {"path":"E:\\node\\repo-flex\\github-action-demo\\src\\step.dist-tag.js","statementMap":{"0":{"start":{"line":3,"column":0},"end":{"line":5,"column":3}},"1":{"start":{"line":6,"column":0},"end":{"line":6,"column":31}},"2":{"start":{"line":8,"column":15},"end":{"line":8,"column":57}},"3":{"start":{"line":10,"column":17},"end":{"line":10,"column":39}},"4":{"start":{"line":12,"column":39},"end":{"line":12,"column":93}},"5":{"start":{"line":14,"column":22},"end":{"line":30,"column":1}},"6":{"start":{"line":18,"column":6},"end":{"line":18,"column":28}},"7":{"start":{"line":20,"column":2},"end":{"line":29,"column":3}},"8":{"start":{"line":21,"column":4},"end":{"line":26,"column":7}},"9":{"start":{"line":22,"column":22},"end":{"line":22,"column":70}},"10":{"start":{"line":23,"column":6},"end":{"line":23,"column":51}},"11":{"start":{"line":25,"column":6},"end":{"line":25,"column":37}},"12":{"start":{"line":28,"column":4},"end":{"line":28,"column":74}},"13":{"start":{"line":32,"column":0},"end":{"line":32,"column":38}}},"fnMap":{"0":{"name":"_interopRequireDefault","decl":{"start":{"line":12,"column":9},"end":{"line":12,"column":31}},"loc":{"start":{"line":12,"column":37},"end":{"line":12,"column":95}},"line":12},"1":{"name":"(anonymous_1)","decl":{"start":{"line":14,"column":22},"end":{"line":14,"column":23}},"loc":{"start":{"line":14,"column":34},"end":{"line":30,"column":1}},"line":14},"2":{"name":"(anonymous_2)","decl":{"start":{"line":21,"column":17},"end":{"line":21,"column":18}},"loc":{"start":{"line":21,"column":24},"end":{"line":26,"column":5}},"line":21}},"branchMap":{"0":{"loc":{"start":{"line":12,"column":46},"end":{"line":12,"column":92}},"type":"cond-expr","locations":[{"start":{"line":12,"column":70},"end":{"line":12,"column":73}},{"start":{"line":12,"column":76},"end":{"line":12,"column":92}}],"line":12},"1":{"loc":{"start":{"line":12,"column":46},"end":{"line":12,"column":67}},"type":"binary-expr","locations":[{"start":{"line":12,"column":46},"end":{"line":12,"column":49}},{"start":{"line":12,"column":53},"end":{"line":12,"column":67}}],"line":12}},"s":{"0":2,"1":2,"2":2,"3":2,"4":2,"5":2,"6":6,"7":6,"8":6,"9":4,"10":4,"11":4,"12":0,"13":2},"f":{"0":2,"1":6,"2":4},"b":{"0":[0,2],"1":[2,2]},"inputSourceMap":null,"_coverageSchema":"1a1c01bbd47fc00a2c39e90264f33305004495a9","hash":"fd8eceab611bafb998c3fc1008d8c9b10a40eb9d"}
,"E:\\node\\repo-flex\\github-action-demo\\src\\step.npm-version.js": {"path":"E:\\node\\repo-flex\\github-action-demo\\src\\step.npm-version.js","statementMap":{"0":{"start":{"line":3,"column":0},"end":{"line":5,"column":3}},"1":{"start":{"line":6,"column":0},"end":{"line":6,"column":28}},"2":{"start":{"line":8,"column":15},"end":{"line":8,"column":57}},"3":{"start":{"line":10,"column":17},"end":{"line":10,"column":39}},"4":{"start":{"line":12,"column":39},"end":{"line":12,"column":93}},"5":{"start":{"line":14,"column":19},"end":{"line":26,"column":1}},"6":{"start":{"line":15,"column":18},"end":{"line":15,"column":38}},"7":{"start":{"line":17,"column":2},"end":{"line":25,"column":3}},"8":{"start":{"line":18,"column":4},"end":{"line":18,"column":52}},"9":{"start":{"line":20,"column":4},"end":{"line":24,"column":5}},"10":{"start":{"line":21,"column":6},"end":{"line":21,"column":13}},"11":{"start":{"line":23,"column":6},"end":{"line":23,"column":15}},"12":{"start":{"line":28,"column":0},"end":{"line":28,"column":32}}},"fnMap":{"0":{"name":"_interopRequireDefault","decl":{"start":{"line":12,"column":9},"end":{"line":12,"column":31}},"loc":{"start":{"line":12,"column":37},"end":{"line":12,"column":95}},"line":12},"1":{"name":"(anonymous_1)","decl":{"start":{"line":14,"column":19},"end":{"line":14,"column":20}},"loc":{"start":{"line":14,"column":25},"end":{"line":26,"column":1}},"line":14}},"branchMap":{"0":{"loc":{"start":{"line":12,"column":46},"end":{"line":12,"column":92}},"type":"cond-expr","locations":[{"start":{"line":12,"column":70},"end":{"line":12,"column":73}},{"start":{"line":12,"column":76},"end":{"line":12,"column":92}}],"line":12},"1":{"loc":{"start":{"line":12,"column":46},"end":{"line":12,"column":67}},"type":"binary-expr","locations":[{"start":{"line":12,"column":46},"end":{"line":12,"column":49}},{"start":{"line":12,"column":53},"end":{"line":12,"column":67}}],"line":12},"2":{"loc":{"start":{"line":20,"column":4},"end":{"line":24,"column":5}},"type":"if","locations":[{"start":{"line":20,"column":4},"end":{"line":24,"column":5}},{"start":{"line":20,"column":4},"end":{"line":24,"column":5}}],"line":20}},"s":{"0":2,"1":2,"2":2,"3":2,"4":2,"5":2,"6":6,"7":6,"8":6,"9":0,"10":0,"11":0,"12":2},"f":{"0":2,"1":6},"b":{"0":[0,2],"1":[2,2],"2":[0,0]},"inputSourceMap":null,"_coverageSchema":"1a1c01bbd47fc00a2c39e90264f33305004495a9","hash":"b8873c6aa62d8aa6850f47251333eff788057a4e"}
,"E:\\node\\repo-flex\\github-action-demo\\src\\step.publish.js": {"path":"E:\\node\\repo-flex\\github-action-demo\\src\\step.publish.js","statementMap":{"0":{"start":{"line":3,"column":0},"end":{"line":5,"column":3}},"1":{"start":{"line":6,"column":0},"end":{"line":6,"column":25}},"2":{"start":{"line":8,"column":15},"end":{"line":8,"column":57}},"3":{"start":{"line":10,"column":39},"end":{"line":10,"column":93}},"4":{"start":{"line":12,"column":16},"end":{"line":14,"column":1}},"5":{"start":{"line":13,"column":2},"end":{"line":13,"column":59}},"6":{"start":{"line":16,"column":0},"end":{"line":16,"column":26}}},"fnMap":{"0":{"name":"_interopRequireDefault","decl":{"start":{"line":10,"column":9},"end":{"line":10,"column":31}},"loc":{"start":{"line":10,"column":37},"end":{"line":10,"column":95}},"line":10},"1":{"name":"(anonymous_1)","decl":{"start":{"line":12,"column":16},"end":{"line":12,"column":17}},"loc":{"start":{"line":12,"column":30},"end":{"line":14,"column":1}},"line":12}},"branchMap":{"0":{"loc":{"start":{"line":10,"column":46},"end":{"line":10,"column":92}},"type":"cond-expr","locations":[{"start":{"line":10,"column":70},"end":{"line":10,"column":73}},{"start":{"line":10,"column":76},"end":{"line":10,"column":92}}],"line":10},"1":{"loc":{"start":{"line":10,"column":46},"end":{"line":10,"column":67}},"type":"binary-expr","locations":[{"start":{"line":10,"column":46},"end":{"line":10,"column":49}},{"start":{"line":10,"column":53},"end":{"line":10,"column":67}}],"line":10}},"s":{"0":2,"1":2,"2":2,"3":2,"4":2,"5":6,"6":2},"f":{"0":2,"1":6},"b":{"0":[0,2],"1":[2,2]},"inputSourceMap":null,"_coverageSchema":"1a1c01bbd47fc00a2c39e90264f33305004495a9","hash":"3624b0137ed1b74960e904b775148d748bf5bb74"}
,"E:\\node\\repo-flex\\github-action-demo\\src\\assert\\assertBranchingStrategy.js": {"path":"E:\\node\\repo-flex\\github-action-demo\\src\\assert\\assertBranchingStrategy.js","statementMap":{"0":{"start":{"line":3,"column":0},"end":{"line":5,"column":3}},"1":{"start":{"line":6,"column":0},"end":{"line":6,"column":41}},"2":{"start":{"line":8,"column":17},"end":{"line":8,"column":40}},"3":{"start":{"line":10,"column":13},"end":{"line":10,"column":32}},"4":{"start":{"line":12,"column":24},"end":{"line":12,"column":53}},"5":{"start":{"line":14,"column":32},"end":{"line":36,"column":1}},"6":{"start":{"line":15,"column":21},"end":{"line":15,"column":64}},"7":{"start":{"line":16,"column":18},"end":{"line":16,"column":58}},"8":{"start":{"line":18,"column":2},"end":{"line":35,"column":3}},"9":{"start":{"line":19,"column":4},"end":{"line":22,"column":56}},"10":{"start":{"line":23,"column":9},"end":{"line":35,"column":3}},"11":{"start":{"line":24,"column":4},"end":{"line":27,"column":56}},"12":{"start":{"line":28,"column":9},"end":{"line":35,"column":3}},"13":{"start":{"line":29,"column":4},"end":{"line":32,"column":58}},"14":{"start":{"line":34,"column":4},"end":{"line":34,"column":69}},"15":{"start":{"line":38,"column":0},"end":{"line":38,"column":58}}},"fnMap":{"0":{"name":"(anonymous_0)","decl":{"start":{"line":14,"column":32},"end":{"line":14,"column":33}},"loc":{"start":{"line":14,"column":38},"end":{"line":36,"column":1}},"line":14}},"branchMap":{"0":{"loc":{"start":{"line":18,"column":2},"end":{"line":35,"column":3}},"type":"if","locations":[{"start":{"line":18,"column":2},"end":{"line":35,"column":3}},{"start":{"line":18,"column":2},"end":{"line":35,"column":3}}],"line":18},"1":{"loc":{"start":{"line":19,"column":11},"end":{"line":22,"column":55}},"type":"cond-expr","locations":[{"start":{"line":19,"column":49},"end":{"line":22,"column":6}},{"start":{"line":22,"column":9},"end":{"line":22,"column":55}}],"line":19},"2":{"loc":{"start":{"line":23,"column":9},"end":{"line":35,"column":3}},"type":"if","locations":[{"start":{"line":23,"column":9},"end":{"line":35,"column":3}},{"start":{"line":23,"column":9},"end":{"line":35,"column":3}}],"line":23},"3":{"loc":{"start":{"line":24,"column":11},"end":{"line":27,"column":55}},"type":"cond-expr","locations":[{"start":{"line":24,"column":47},"end":{"line":27,"column":6}},{"start":{"line":27,"column":9},"end":{"line":27,"column":55}}],"line":24},"4":{"loc":{"start":{"line":28,"column":9},"end":{"line":35,"column":3}},"type":"if","locations":[{"start":{"line":28,"column":9},"end":{"line":35,"column":3}},{"start":{"line":28,"column":9},"end":{"line":35,"column":3}}],"line":28},"5":{"loc":{"start":{"line":29,"column":11},"end":{"line":32,"column":57}},"type":"cond-expr","locations":[{"start":{"line":29,"column":49},"end":{"line":32,"column":6}},{"start":{"line":32,"column":9},"end":{"line":32,"column":57}}],"line":29}},"s":{"0":2,"1":2,"2":2,"3":2,"4":2,"5":2,"6":14,"7":14,"8":14,"9":6,"10":8,"11":3,"12":5,"13":3,"14":2,"15":2},"f":{"0":14},"b":{"0":[6,8],"1":[5,1],"2":[3,5],"3":[2,1],"4":[3,2],"5":[2,1]},"inputSourceMap":null,"_coverageSchema":"1a1c01bbd47fc00a2c39e90264f33305004495a9","hash":"eabe48d516e4bda8bb302c3798d5eb40158919d5"}
,"E:\\node\\repo-flex\\github-action-demo\\src\\assert\\assertTagVersion.js": {"path":"E:\\node\\repo-flex\\github-action-demo\\src\\assert\\assertTagVersion.js","statementMap":{"0":{"start":{"line":3,"column":0},"end":{"line":5,"column":3}},"1":{"start":{"line":6,"column":0},"end":{"line":6,"column":72}},"2":{"start":{"line":8,"column":13},"end":{"line":8,"column":70}},"3":{"start":{"line":10,"column":10},"end":{"line":10,"column":64}},"4":{"start":{"line":12,"column":17},"end":{"line":12,"column":40}},"5":{"start":{"line":14,"column":13},"end":{"line":14,"column":32}},"6":{"start":{"line":16,"column":16},"end":{"line":16,"column":39}},"7":{"start":{"line":18,"column":39},"end":{"line":18,"column":93}},"8":{"start":{"line":20,"column":33},"end":{"line":36,"column":1}},"9":{"start":{"line":27,"column":6},"end":{"line":33,"column":3}},"10":{"start":{"line":34,"column":24},"end":{"line":34,"column":61}},"11":{"start":{"line":35,"column":2},"end":{"line":35,"column":190}},"12":{"start":{"line":35,"column":21},"end":{"line":35,"column":137}},"13":{"start":{"line":35,"column":142},"end":{"line":35,"column":190}},"14":{"start":{"line":38,"column":0},"end":{"line":38,"column":60}},"15":{"start":{"line":40,"column":28},"end":{"line":49,"column":1}},"16":{"start":{"line":45,"column":24},"end":{"line":45,"column":70}},"17":{"start":{"line":47,"column":26},"end":{"line":47,"column":59}},"18":{"start":{"line":48,"column":2},"end":{"line":48,"column":130}},"19":{"start":{"line":51,"column":0},"end":{"line":51,"column":50}}},"fnMap":{"0":{"name":"_interopRequireDefault","decl":{"start":{"line":18,"column":9},"end":{"line":18,"column":31}},"loc":{"start":{"line":18,"column":37},"end":{"line":18,"column":95}},"line":18},"1":{"name":"(anonymous_1)","decl":{"start":{"line":20,"column":33},"end":{"line":20,"column":34}},"loc":{"start":{"line":23,"column":6},"end":{"line":36,"column":1}},"line":23},"2":{"name":"(anonymous_2)","decl":{"start":{"line":40,"column":28},"end":{"line":40,"column":29}},"loc":{"start":{"line":43,"column":6},"end":{"line":49,"column":1}},"line":43}},"branchMap":{"0":{"loc":{"start":{"line":18,"column":46},"end":{"line":18,"column":92}},"type":"cond-expr","locations":[{"start":{"line":18,"column":70},"end":{"line":18,"column":73}},{"start":{"line":18,"column":76},"end":{"line":18,"column":92}}],"line":18},"1":{"loc":{"start":{"line":18,"column":46},"end":{"line":18,"column":67}},"type":"binary-expr","locations":[{"start":{"line":18,"column":46},"end":{"line":18,"column":49}},{"start":{"line":18,"column":53},"end":{"line":18,"column":67}}],"line":18},"2":{"loc":{"start":{"line":27,"column":6},"end":{"line":33,"column":3}},"type":"cond-expr","locations":[{"start":{"line":27,"column":46},"end":{"line":30,"column":3}},{"start":{"line":30,"column":6},"end":{"line":33,"column":3}}],"line":27},"3":{"loc":{"start":{"line":35,"column":2},"end":{"line":35,"column":190}},"type":"if","locations":[{"start":{"line":35,"column":2},"end":{"line":35,"column":190}},{"start":{"line":35,"column":2},"end":{"line":35,"column":190}}],"line":35},"4":{"loc":{"start":{"line":35,"column":28},"end":{"line":35,"column":136}},"type":"cond-expr","locations":[{"start":{"line":35,"column":71},"end":{"line":35,"column":75}},{"start":{"line":35,"column":78},"end":{"line":35,"column":136}}],"line":35},"5":{"loc":{"start":{"line":48,"column":9},"end":{"line":48,"column":129}},"type":"cond-expr","locations":[{"start":{"line":48,"column":45},"end":{"line":48,"column":49}},{"start":{"line":48,"column":52},"end":{"line":48,"column":129}}],"line":48}},"s":{"0":2,"1":2,"2":2,"3":2,"4":2,"5":2,"6":2,"7":4,"8":2,"9":7,"10":7,"11":7,"12":6,"13":1,"14":2,"15":2,"16":2,"17":2,"18":2,"19":2},"f":{"0":4,"1":7,"2":2},"b":{"0":[0,4],"1":[4,4],"2":[2,5],"3":[6,1],"4":[4,2],"5":[1,1]},"inputSourceMap":null,"_coverageSchema":"1a1c01bbd47fc00a2c39e90264f33305004495a9","hash":"4a3e0f64556993f9e124285453c4039f1903f92a"}
,"E:\\node\\repo-flex\\github-action-demo\\src\\dist-tags\\index.js": {"path":"E:\\node\\repo-flex\\github-action-demo\\src\\dist-tags\\index.js","statementMap":{"0":{"start":{"line":3,"column":0},"end":{"line":5,"column":3}},"1":{"start":{"line":6,"column":0},"end":{"line":6,"column":59}},"2":{"start":{"line":8,"column":11},"end":{"line":8,"column":49}},"3":{"start":{"line":10,"column":17},"end":{"line":10,"column":40}},"4":{"start":{"line":12,"column":39},"end":{"line":12,"column":93}},"5":{"start":{"line":14,"column":23},"end":{"line":16,"column":1}},"6":{"start":{"line":18,"column":22},"end":{"line":29,"column":1}},"7":{"start":{"line":19,"column":2},"end":{"line":28,"column":3}},"8":{"start":{"line":20,"column":21},"end":{"line":23,"column":6}},"9":{"start":{"line":24,"column":4},"end":{"line":24,"column":55}},"10":{"start":{"line":26,"column":4},"end":{"line":26,"column":62}},"11":{"start":{"line":26,"column":55},"end":{"line":26,"column":62}},"12":{"start":{"line":27,"column":4},"end":{"line":27,"column":13}},"13":{"start":{"line":31,"column":0},"end":{"line":31,"column":38}},"14":{"start":{"line":33,"column":26},"end":{"line":33,"column":67}},"15":{"start":{"line":33,"column":37},"end":{"line":33,"column":67}},"16":{"start":{"line":35,"column":0},"end":{"line":35,"column":46}}},"fnMap":{"0":{"name":"_interopRequireDefault","decl":{"start":{"line":12,"column":9},"end":{"line":12,"column":31}},"loc":{"start":{"line":12,"column":37},"end":{"line":12,"column":95}},"line":12},"1":{"name":"(anonymous_1)","decl":{"start":{"line":18,"column":22},"end":{"line":18,"column":23}},"loc":{"start":{"line":18,"column":43},"end":{"line":29,"column":1}},"line":18},"2":{"name":"(anonymous_2)","decl":{"start":{"line":33,"column":26},"end":{"line":33,"column":27}},"loc":{"start":{"line":33,"column":37},"end":{"line":33,"column":67}},"line":33}},"branchMap":{"0":{"loc":{"start":{"line":12,"column":46},"end":{"line":12,"column":92}},"type":"cond-expr","locations":[{"start":{"line":12,"column":70},"end":{"line":12,"column":73}},{"start":{"line":12,"column":76},"end":{"line":12,"column":92}}],"line":12},"1":{"loc":{"start":{"line":12,"column":46},"end":{"line":12,"column":67}},"type":"binary-expr","locations":[{"start":{"line":12,"column":46},"end":{"line":12,"column":49}},{"start":{"line":12,"column":53},"end":{"line":12,"column":67}}],"line":12},"2":{"loc":{"start":{"line":26,"column":4},"end":{"line":26,"column":62}},"type":"if","locations":[{"start":{"line":26,"column":4},"end":{"line":26,"column":62}},{"start":{"line":26,"column":4},"end":{"line":26,"column":62}}],"line":26},"3":{"loc":{"start":{"line":26,"column":8},"end":{"line":26,"column":53}},"type":"binary-expr","locations":[{"start":{"line":26,"column":8},"end":{"line":26,"column":19}},{"start":{"line":26,"column":23},"end":{"line":26,"column":53}}],"line":26}},"s":{"0":2,"1":2,"2":2,"3":2,"4":2,"5":2,"6":2,"7":14,"8":14,"9":9,"10":5,"11":5,"12":0,"13":2,"14":2,"15":15,"16":2},"f":{"0":2,"1":14,"2":15},"b":{"0":[2,0],"1":[2,2],"2":[5,0],"3":[5,5]},"inputSourceMap":null,"_coverageSchema":"1a1c01bbd47fc00a2c39e90264f33305004495a9","hash":"d3a5861075198c00e113952a7d21345a24747b2c"}
,"E:\\node\\repo-flex\\github-action-demo\\src\\shell\\exec.js": {"path":"E:\\node\\repo-flex\\github-action-demo\\src\\shell\\exec.js","statementMap":{"0":{"start":{"line":3,"column":0},"end":{"line":5,"column":3}},"1":{"start":{"line":6,"column":0},"end":{"line":6,"column":22}},"2":{"start":{"line":8,"column":15},"end":{"line":8,"column":57}},"3":{"start":{"line":10,"column":39},"end":{"line":10,"column":93}},"4":{"start":{"line":13,"column":0},"end":{"line":13,"column":37}},"5":{"start":{"line":15,"column":13},"end":{"line":15,"column":54}},"6":{"start":{"line":15,"column":24},"end":{"line":15,"column":54}},"7":{"start":{"line":17,"column":0},"end":{"line":17,"column":20}}},"fnMap":{"0":{"name":"_interopRequireDefault","decl":{"start":{"line":10,"column":9},"end":{"line":10,"column":31}},"loc":{"start":{"line":10,"column":37},"end":{"line":10,"column":95}},"line":10},"1":{"name":"(anonymous_1)","decl":{"start":{"line":15,"column":13},"end":{"line":15,"column":14}},"loc":{"start":{"line":15,"column":24},"end":{"line":15,"column":54}},"line":15}},"branchMap":{"0":{"loc":{"start":{"line":10,"column":46},"end":{"line":10,"column":92}},"type":"cond-expr","locations":[{"start":{"line":10,"column":70},"end":{"line":10,"column":73}},{"start":{"line":10,"column":76},"end":{"line":10,"column":92}}],"line":10},"1":{"loc":{"start":{"line":10,"column":46},"end":{"line":10,"column":67}},"type":"binary-expr","locations":[{"start":{"line":10,"column":46},"end":{"line":10,"column":49}},{"start":{"line":10,"column":53},"end":{"line":10,"column":67}}],"line":10}},"s":{"0":2,"1":2,"2":2,"3":2,"4":2,"5":2,"6":22,"7":2},"f":{"0":2,"1":22},"b":{"0":[0,2],"1":[2,2]},"inputSourceMap":null,"_coverageSchema":"1a1c01bbd47fc00a2c39e90264f33305004495a9","hash":"acd8dd439e10438419c1dc382b1614bcf7451afa"}
,"E:\\node\\repo-flex\\github-action-demo\\src\\shell\\index.js": {"path":"E:\\node\\repo-flex\\github-action-demo\\src\\shell\\index.js","statementMap":{"0":{"start":{"line":3,"column":0},"end":{"line":5,"column":3}},"1":{"start":{"line":6,"column":0},"end":{"line":11,"column":3}},"2":{"start":{"line":9,"column":4},"end":{"line":9,"column":31}},"3":{"start":{"line":12,"column":0},"end":{"line":17,"column":3}},"4":{"start":{"line":15,"column":4},"end":{"line":15,"column":22}},"5":{"start":{"line":19,"column":16},"end":{"line":19,"column":37}},"6":{"start":{"line":21,"column":12},"end":{"line":21,"column":29}}},"fnMap":{"0":{"name":"(anonymous_0)","decl":{"start":{"line":8,"column":7},"end":{"line":8,"column":8}},"loc":{"start":{"line":8,"column":19},"end":{"line":10,"column":3}},"line":8},"1":{"name":"(anonymous_1)","decl":{"start":{"line":14,"column":7},"end":{"line":14,"column":8}},"loc":{"start":{"line":14,"column":19},"end":{"line":16,"column":3}},"line":14}},"branchMap":{},"s":{"0":2,"1":2,"2":14,"3":2,"4":22,"5":2,"6":2},"f":{"0":14,"1":22},"b":{},"inputSourceMap":null,"_coverageSchema":"1a1c01bbd47fc00a2c39e90264f33305004495a9","hash":"0680bbc3e3b278c73820d20a465d6136c261b9f3"}
,"E:\\node\\repo-flex\\github-action-demo\\src\\shell\\mockUtil.js": {"path":"E:\\node\\repo-flex\\github-action-demo\\src\\shell\\mockUtil.js","statementMap":{"0":{"start":{"line":3,"column":0},"end":{"line":5,"column":3}},"1":{"start":{"line":6,"column":0},"end":{"line":6,"column":27}},"2":{"start":{"line":8,"column":15},"end":{"line":8,"column":57}},"3":{"start":{"line":10,"column":39},"end":{"line":10,"column":93}},"4":{"start":{"line":13,"column":17},"end":{"line":13,"column":50}},"5":{"start":{"line":16,"column":0},"end":{"line":16,"column":38}},"6":{"start":{"line":16,"column":16},"end":{"line":16,"column":36}},"7":{"start":{"line":18,"column":18},"end":{"line":27,"column":1}},"8":{"start":{"line":19,"column":2},"end":{"line":21,"column":5}},"9":{"start":{"line":20,"column":4},"end":{"line":20,"column":32}},"10":{"start":{"line":24,"column":2},"end":{"line":26,"column":4}},"11":{"start":{"line":25,"column":4},"end":{"line":25,"column":52}},"12":{"start":{"line":25,"column":43},"end":{"line":25,"column":50}},"13":{"start":{"line":29,"column":0},"end":{"line":29,"column":30}}},"fnMap":{"0":{"name":"_interopRequireDefault","decl":{"start":{"line":10,"column":9},"end":{"line":10,"column":31}},"loc":{"start":{"line":10,"column":37},"end":{"line":10,"column":95}},"line":10},"1":{"name":"(anonymous_1)","decl":{"start":{"line":16,"column":10},"end":{"line":16,"column":11}},"loc":{"start":{"line":16,"column":16},"end":{"line":16,"column":36}},"line":16},"2":{"name":"(anonymous_2)","decl":{"start":{"line":18,"column":18},"end":{"line":18,"column":19}},"loc":{"start":{"line":18,"column":27},"end":{"line":27,"column":1}},"line":18},"3":{"name":"(anonymous_3)","decl":{"start":{"line":19,"column":30},"end":{"line":19,"column":31}},"loc":{"start":{"line":19,"column":41},"end":{"line":21,"column":3}},"line":19},"4":{"name":"(anonymous_4)","decl":{"start":{"line":24,"column":9},"end":{"line":24,"column":10}},"loc":{"start":{"line":24,"column":15},"end":{"line":26,"column":3}},"line":24},"5":{"name":"(anonymous_5)","decl":{"start":{"line":25,"column":35},"end":{"line":25,"column":36}},"loc":{"start":{"line":25,"column":43},"end":{"line":25,"column":50}},"line":25}},"branchMap":{"0":{"loc":{"start":{"line":10,"column":46},"end":{"line":10,"column":92}},"type":"cond-expr","locations":[{"start":{"line":10,"column":70},"end":{"line":10,"column":73}},{"start":{"line":10,"column":76},"end":{"line":10,"column":92}}],"line":10},"1":{"loc":{"start":{"line":10,"column":46},"end":{"line":10,"column":67}},"type":"binary-expr","locations":[{"start":{"line":10,"column":46},"end":{"line":10,"column":49}},{"start":{"line":10,"column":53},"end":{"line":10,"column":67}}],"line":10},"2":{"loc":{"start":{"line":20,"column":11},"end":{"line":20,"column":31}},"type":"binary-expr","locations":[{"start":{"line":20,"column":11},"end":{"line":20,"column":25}},{"start":{"line":20,"column":29},"end":{"line":20,"column":31}}],"line":20}},"s":{"0":2,"1":2,"2":2,"3":2,"4":2,"5":2,"6":14,"7":2,"8":14,"9":38,"10":14,"11":14,"12":38,"13":2},"f":{"0":2,"1":14,"2":14,"3":38,"4":14,"5":38},"b":{"0":[0,2],"1":[2,2],"2":[38,16]},"inputSourceMap":null,"_coverageSchema":"1a1c01bbd47fc00a2c39e90264f33305004495a9","hash":"60ea53f06ef1ef9dbed7595c17e9616fae2a3856"}
}
