TN:
SF:src\constants.js
FN:35,(anonymous_0)
FN:43,(anonymous_1)
FN:44,(anonymous_2)
FN:48,(anonymous_3)
FN:49,(anonymous_4)
FN:53,(anonymous_5)
FN:54,(anonymous_6)
FNF:7
FNH:6
FNDA:0,(anonymous_0)
FNDA:9,(anonymous_1)
FNDA:3,(anonymous_2)
FNDA:6,(anonymous_3)
FNDA:3,(anonymous_4)
FNDA:4,(anonymous_5)
FNDA:18,(anonymous_6)
DA:3,2
DA:6,2
DA:8,2
DA:13,2
DA:18,2
DA:19,2
DA:26,2
DA:27,2
DA:33,2
DA:35,2
DA:36,0
DA:41,2
DA:42,2
DA:43,9
DA:44,3
DA:46,2
DA:47,2
DA:48,6
DA:49,3
DA:51,2
DA:52,2
DA:53,4
DA:54,18
DA:60,2
LF:24
LH:23
BRF:0
BRH:0
end_of_record
TN:
SF:src\error.js
FN:8,(anonymous_0)
FN:9,(anonymous_1)
FN:10,(anonymous_2)
FN:11,(anonymous_3)
FN:12,(anonymous_4)
FN:13,(anonymous_5)
FN:14,(anonymous_6)
FN:17,(anonymous_7)
FN:23,(anonymous_8)
FNF:9
FNH:9
FNDA:2,(anonymous_0)
FNDA:2,(anonymous_1)
FNDA:2,(anonymous_2)
FNDA:2,(anonymous_3)
FNDA:2,(anonymous_4)
FNDA:2,(anonymous_5)
FNDA:4,(anonymous_6)
FNDA:8,(anonymous_7)
FNDA:16,(anonymous_8)
DA:3,2
DA:6,2
DA:7,2
DA:8,2
DA:9,2
DA:10,2
DA:11,2
DA:12,2
DA:13,2
DA:14,4
DA:17,2
DA:18,8
DA:21,2
DA:23,2
DA:24,16
DA:25,16
DA:28,2
LF:17
LH:17
BRDA:23,0,0,6
BRF:1
BRH:1
end_of_record
TN:
SF:src\globalException.js
FN:8,(anonymous_0)
FNF:1
FNH:0
FNDA:0,(anonymous_0)
DA:3,0
DA:6,0
DA:8,0
DA:9,0
DA:10,0
DA:11,0
DA:14,0
DA:15,0
DA:16,0
LF:9
LH:0
BRF:0
BRH:0
end_of_record
TN:
SF:src\release.js
FN:22,(anonymous_0)
FNF:1
FNH:1
FNDA:14,(anonymous_0)
DA:3,2
DA:6,2
DA:8,2
DA:10,2
DA:12,2
DA:14,2
DA:16,2
DA:18,2
DA:20,2
DA:22,2
DA:23,14
DA:25,14
DA:28,14
DA:31,6
DA:34,6
DA:37,6
DA:40,6
DA:43,2
LF:18
LH:18
BRF:0
BRH:0
end_of_record
TN:
SF:src\resolveTagNames.js
FN:14,(anonymous_0)
FNF:1
FNH:1
FNDA:6,(anonymous_0)
DA:3,2
DA:6,2
DA:8,2
DA:10,2
DA:12,2
DA:14,2
DA:15,6
DA:17,6
DA:18,4
DA:19,4
DA:20,4
DA:21,0
DA:22,2
DA:23,1
DA:24,1
DA:25,1
DA:27,1
DA:29,0
DA:33,2
LF:19
LH:17
BRDA:17,0,0,4
BRDA:17,0,1,2
BRDA:20,1,0,4
BRDA:20,1,1,0
BRDA:20,2,0,4
BRDA:20,2,1,1
BRDA:20,2,2,1
BRDA:22,3,0,1
BRDA:22,3,1,1
BRDA:24,4,0,1
BRDA:24,4,1,0
BRF:11
BRH:9
end_of_record
TN:
SF:src\runner.js
FN:7,(anonymous_0)
FNF:1
FNH:0
FNDA:0,(anonymous_0)
DA:3,0
DA:5,0
DA:7,0
DA:8,0
DA:9,0
DA:12,0
LF:6
LH:0
BRF:0
BRH:0
end_of_record
TN:
SF:src\step.dist-tag.js
FN:12,_interopRequireDefault
FN:14,(anonymous_1)
FN:21,(anonymous_2)
FNF:3
FNH:3
FNDA:2,_interopRequireDefault
FNDA:6,(anonymous_1)
FNDA:4,(anonymous_2)
DA:3,2
DA:6,2
DA:8,2
DA:10,2
DA:12,2
DA:14,2
DA:18,6
DA:20,6
DA:21,6
DA:22,4
DA:23,4
DA:25,4
DA:28,0
DA:32,2
LF:14
LH:13
BRDA:12,0,0,0
BRDA:12,0,1,2
BRDA:12,1,0,2
BRDA:12,1,1,2
BRF:4
BRH:3
end_of_record
TN:
SF:src\step.npm-version.js
FN:12,_interopRequireDefault
FN:14,(anonymous_1)
FNF:2
FNH:2
FNDA:2,_interopRequireDefault
FNDA:6,(anonymous_1)
DA:3,2
DA:6,2
DA:8,2
DA:10,2
DA:12,2
DA:14,2
DA:15,6
DA:17,6
DA:18,6
DA:20,0
DA:21,0
DA:23,0
DA:28,2
LF:13
LH:10
BRDA:12,0,0,0
BRDA:12,0,1,2
BRDA:12,1,0,2
BRDA:12,1,1,2
BRDA:20,2,0,0
BRDA:20,2,1,0
BRF:6
BRH:3
end_of_record
TN:
SF:src\step.publish.js
FN:10,_interopRequireDefault
FN:12,(anonymous_1)
FNF:2
FNH:2
FNDA:2,_interopRequireDefault
FNDA:6,(anonymous_1)
DA:3,2
DA:6,2
DA:8,2
DA:10,2
DA:12,2
DA:13,6
DA:16,2
LF:7
LH:7
BRDA:10,0,0,0
BRDA:10,0,1,2
BRDA:10,1,0,2
BRDA:10,1,1,2
BRF:4
BRH:3
end_of_record
TN:
SF:src\assert\assertBranchingStrategy.js
FN:14,(anonymous_0)
FNF:1
FNH:1
FNDA:14,(anonymous_0)
DA:3,2
DA:6,2
DA:8,2
DA:10,2
DA:12,2
DA:14,2
DA:15,14
DA:16,14
DA:18,14
DA:19,6
DA:23,8
DA:24,3
DA:28,5
DA:29,3
DA:34,2
DA:38,2
LF:16
LH:16
BRDA:18,0,0,6
BRDA:18,0,1,8
BRDA:19,1,0,5
BRDA:19,1,1,1
BRDA:23,2,0,3
BRDA:23,2,1,5
BRDA:24,3,0,2
BRDA:24,3,1,1
BRDA:28,4,0,3
BRDA:28,4,1,2
BRDA:29,5,0,2
BRDA:29,5,1,1
BRF:12
BRH:12
end_of_record
TN:
SF:src\assert\assertTagVersion.js
FN:18,_interopRequireDefault
FN:20,(anonymous_1)
FN:40,(anonymous_2)
FNF:3
FNH:3
FNDA:4,_interopRequireDefault
FNDA:7,(anonymous_1)
FNDA:2,(anonymous_2)
DA:3,2
DA:6,2
DA:8,2
DA:10,2
DA:12,2
DA:14,2
DA:16,2
DA:18,4
DA:20,2
DA:27,7
DA:34,7
DA:35,7
DA:38,2
DA:40,2
DA:45,2
DA:47,2
DA:48,2
DA:51,2
LF:18
LH:18
BRDA:18,0,0,0
BRDA:18,0,1,4
BRDA:18,1,0,4
BRDA:18,1,1,4
BRDA:27,2,0,2
BRDA:27,2,1,5
BRDA:35,3,0,6
BRDA:35,3,1,1
BRDA:35,4,0,4
BRDA:35,4,1,2
BRDA:48,5,0,1
BRDA:48,5,1,1
BRF:12
BRH:11
end_of_record
TN:
SF:src\dist-tags\index.js
FN:12,_interopRequireDefault
FN:18,(anonymous_1)
FN:33,(anonymous_2)
FNF:3
FNH:3
FNDA:2,_interopRequireDefault
FNDA:14,(anonymous_1)
FNDA:15,(anonymous_2)
DA:3,2
DA:6,2
DA:8,2
DA:10,2
DA:12,2
DA:14,2
DA:18,2
DA:19,14
DA:20,14
DA:24,9
DA:26,5
DA:27,0
DA:31,2
DA:33,15
DA:35,2
LF:15
LH:14
BRDA:12,0,0,2
BRDA:12,0,1,0
BRDA:12,1,0,2
BRDA:12,1,1,2
BRDA:26,2,0,5
BRDA:26,2,1,0
BRDA:26,3,0,5
BRDA:26,3,1,5
BRF:8
BRH:6
end_of_record
TN:
SF:src\shell\exec.js
FN:10,_interopRequireDefault
FN:15,(anonymous_1)
FNF:2
FNH:2
FNDA:2,_interopRequireDefault
FNDA:22,(anonymous_1)
DA:3,2
DA:6,2
DA:8,2
DA:10,2
DA:13,2
DA:15,22
DA:17,2
LF:7
LH:7
BRDA:10,0,0,0
BRDA:10,0,1,2
BRDA:10,1,0,2
BRDA:10,1,1,2
BRF:4
BRH:3
end_of_record
TN:
SF:src\shell\index.js
FN:8,(anonymous_0)
FN:14,(anonymous_1)
FNF:2
FNH:2
FNDA:14,(anonymous_0)
FNDA:22,(anonymous_1)
DA:3,2
DA:6,2
DA:9,14
DA:12,2
DA:15,22
DA:19,2
DA:21,2
LF:7
LH:7
BRF:0
BRH:0
end_of_record
TN:
SF:src\shell\mockUtil.js
FN:10,_interopRequireDefault
FN:16,(anonymous_1)
FN:18,(anonymous_2)
FN:19,(anonymous_3)
FN:24,(anonymous_4)
FN:25,(anonymous_5)
FNF:6
FNH:6
FNDA:2,_interopRequireDefault
FNDA:14,(anonymous_1)
FNDA:14,(anonymous_2)
FNDA:38,(anonymous_3)
FNDA:14,(anonymous_4)
FNDA:38,(anonymous_5)
DA:3,2
DA:6,2
DA:8,2
DA:10,2
DA:13,2
DA:16,14
DA:18,2
DA:19,14
DA:20,38
DA:24,14
DA:25,38
DA:29,2
LF:12
LH:12
BRDA:10,0,0,0
BRDA:10,0,1,2
BRDA:10,1,0,2
BRDA:10,1,1,2
BRDA:20,2,0,38
BRDA:20,2,1,16
BRF:6
BRH:5
end_of_record
